<?xml version="1.0" encoding="UTF-8"?>
<!-- Generated by org.testng.reporters.JUnitReportReporter -->
<testsuite hostname="BDC6-D-474C6BS" name="com.keyword.auto.test.KeywordSampleTest" tests="1" failures="0" timestamp="30 Dec 2016 09:15:39 GMT" time="25.520" errors="0">
  <testcase name="testAllExcels" time="25.520" classname="com.keyword.auto.test.KeywordSampleTest"/>
</testsuite> <!-- com.keyword.auto.test.KeywordSampleTest -->
