<?xml version="1.0" encoding="UTF-8"?>
<!-- Generated by org.testng.reporters.JUnitReportReporter -->
<testsuite hostname="BDC6-D-474C6BS" name="com.automation.framework.test.SampleTest" tests="1" failures="0" timestamp="9 Dec 2016 04:13:06 GMT" time="21.919" errors="0">
  <testcase name="testSampleTest" time="21.919" classname="com.automation.framework.test.SampleTest"/>
</testsuite> <!-- com.automation.framework.test.SampleTest -->
