<?xml version="1.0" encoding="UTF-8"?>
<!-- Generated by org.testng.reporters.JUnitReportReporter -->
<testsuite hostname="BDC6-D-474C6BS" name="com.automationFramework.test.SampleTest" tests="1" failures="0" timestamp="6 Dec 2016 06:33:12 GMT" time="30.798" errors="0">
  <testcase name="testSampleTest" time="30.798" classname="com.automationFramework.test.SampleTest"/>
</testsuite> <!-- com.automationFramework.test.SampleTest -->
